<?xml version="1.0" encoding="UTF-8"?>
<!-- Generated by org.testng.reporters.JUnitReportReporter -->
<testsuite hostname="DESKTOP-M4STU02" failures="0" tests="1" name="AppFeaturesSteps.AmzonRunnerTest" time="52.892" errors="0" timestamp="2023-11-10T10:26:15 IST" skipped="0">
  <testcase classname="AppFeaturesSteps.AmzonRunnerTest" name="runScenario" time="52.892"/>
  <system-out/>
</testsuite> <!-- AppFeaturesSteps.AmzonRunnerTest -->
